To https://github.com/Kumazan/openclaw-backup.git
   dabd352..79851a6  main -> main
rsync(3702): error: workspace/polymarket-bot-v0-ts/data/.weather-edge-2026-02-15.jsonl.ICNkamiwax: move_file: workspace/polymarket-bot-v0-ts/data/weather-edge-2026-02-15.jsonl: No such file or directory
rsync(3701): error: unexpected end of file
To https://github.com/Kumazan/openclaw-backup.git
   4d418f5..039d1ae  main -> main
To https://github.com/Kumazan/openclaw-backup.git
   039d1ae..59a8e1a  main -> main
To https://github.com/Kumazan/openclaw-backup.git
   59a8e1a..d8463ec  main -> main
To https://github.com/Kumazan/openclaw-backup.git
   d8463ec..cc52022  main -> main
To https://github.com/Kumazan/openclaw-backup.git
   cc52022..11c3d10  main -> main
To https://github.com/Kumazan/openclaw-backup.git
   11c3d10..b16162d  main -> main
To https://github.com/Kumazan/openclaw-backup.git
   b16162d..1cf851c  main -> main
To https://github.com/Kumazan/openclaw-backup.git
   1cf851c..5023844  main -> main
To https://github.com/Kumazan/openclaw-backup.git
   5023844..9a0379e  main -> main
To https://github.com/Kumazan/openclaw-backup.git
   9a0379e..e1d7b6e  main -> main
To https://github.com/Kumazan/openclaw-backup.git
   e1d7b6e..f005272  main -> main
To https://github.com/Kumazan/openclaw-backup.git
   f005272..d9250fd  main -> main
To https://github.com/Kumazan/openclaw-backup.git
   d9250fd..e5b3c1b  main -> main
To https://github.com/Kumazan/openclaw-backup.git
   e5b3c1b..f4751de  main -> main
To https://github.com/Kumazan/openclaw-backup.git
   f4751de..bda7a52  main -> main
To https://github.com/Kumazan/openclaw-backup.git
   bda7a52..311b310  main -> main
rsync(53321): error: /Users/kumax/.openclaw/agents/main/sessions/sessions.json.lock: open (2) in /Users/kumax/.openclaw/workspace/tmp/openclaw-backup: No such file or directory
To https://github.com/Kumazan/openclaw-backup.git
   311b310..2fdb5ec  main -> main
To https://github.com/Kumazan/openclaw-backup.git
   2fdb5ec..77b91f3  main -> main
To https://github.com/Kumazan/openclaw-backup.git
   77b91f3..a23f1a7  main -> main
To https://github.com/Kumazan/openclaw-backup.git
   a23f1a7..5cf296e  main -> main
To https://github.com/Kumazan/openclaw-backup.git
   5cf296e..61b4047  main -> main
To https://github.com/Kumazan/openclaw-backup.git
   61b4047..458aa15  main -> main
To https://github.com/Kumazan/openclaw-backup.git
   458aa15..540f07d  main -> main
To https://github.com/Kumazan/openclaw-backup.git
   540f07d..65ec9e6  main -> main
To https://github.com/Kumazan/openclaw-backup.git
   65ec9e6..6ed5941  main -> main
To https://github.com/Kumazan/openclaw-backup.git
   6ed59413..ae0364e3  main -> main
To https://github.com/Kumazan/openclaw-backup.git
   ae0364e3..73f0a76e  main -> main
To https://github.com/Kumazan/openclaw-backup.git
   73f0a76e..c8ff2aa6  main -> main
To https://github.com/Kumazan/openclaw-backup.git
   c8ff2aa6..389a69d9  main -> main
To https://github.com/Kumazan/openclaw-backup.git
   389a69d9..acfea508  main -> main
To https://github.com/Kumazan/openclaw-backup.git
   acfea508..00c83760  main -> main
To https://github.com/Kumazan/openclaw-backup.git
   00c83760..25e84fd5  main -> main
To https://github.com/Kumazan/openclaw-backup.git
   25e84fd5..11df0d94  main -> main
To https://github.com/Kumazan/openclaw-backup.git
   11df0d94..23c40309  main -> main
To https://github.com/Kumazan/openclaw-backup.git
   23c40309..8071e183  main -> main
To https://github.com/Kumazan/openclaw-backup.git
   8071e183..16b51d03  main -> main
To https://github.com/Kumazan/openclaw-backup.git
   16b51d03..c6c50ade  main -> main
To https://github.com/Kumazan/openclaw-backup.git
   c6c50ade..03e5a310  main -> main
To https://github.com/Kumazan/openclaw-backup.git
   03e5a310..36f65d31  main -> main
To https://github.com/Kumazan/openclaw-backup.git
   36f65d31..ef755268  main -> main
To https://github.com/Kumazan/openclaw-backup.git
   ef755268..bb410ff1  main -> main
To https://github.com/Kumazan/openclaw-backup.git
   bb410ff1..c77e712d  main -> main
To https://github.com/Kumazan/openclaw-backup.git
   c77e712d..9dc581a7  main -> main
To https://github.com/Kumazan/openclaw-backup.git
   9dc581a7..d80dad51  main -> main
To https://github.com/Kumazan/openclaw-backup.git
   d80dad51..05b83e74  main -> main
To https://github.com/Kumazan/openclaw-backup.git
   05b83e74..2cbd64e5  main -> main
To https://github.com/Kumazan/openclaw-backup.git
   2cbd64e5..ae9e9571  main -> main
To https://github.com/Kumazan/openclaw-backup.git
   ae9e9571..a40afb0a  main -> main
To https://github.com/Kumazan/openclaw-backup.git
   a40afb0a..694ade1b  main -> main
To https://github.com/Kumazan/openclaw-backup.git
   694ade1b..c1dcf810  main -> main
To https://github.com/Kumazan/openclaw-backup.git
   c1dcf810..1be8ee35  main -> main
To https://github.com/Kumazan/openclaw-backup.git
   1be8ee35..914fede9  main -> main
To https://github.com/Kumazan/openclaw-backup.git
   914fede9..f99b6682  main -> main
To https://github.com/Kumazan/openclaw-backup.git
   f99b6682..ab398a8b  main -> main
To https://github.com/Kumazan/openclaw-backup.git
   ab398a8b..1e4bfd90  main -> main
To https://github.com/Kumazan/openclaw-backup.git
   1e4bfd90..32ead09f  main -> main
To https://github.com/Kumazan/openclaw-backup.git
   32ead09f..3f8697a5  main -> main
To https://github.com/Kumazan/openclaw-backup.git
   3f8697a5..922fe060  main -> main
To https://github.com/Kumazan/openclaw-backup.git
   922fe060..440b550a  main -> main
To https://github.com/Kumazan/openclaw-backup.git
   440b550a..f8a22413  main -> main
To https://github.com/Kumazan/openclaw-backup.git
   f8a22413..804c7d2c  main -> main
To https://github.com/Kumazan/openclaw-backup.git
   804c7d2c..afd117de  main -> main
To https://github.com/Kumazan/openclaw-backup.git
   afd117de..c9623430  main -> main
To https://github.com/Kumazan/openclaw-backup.git
   c9623430..4a785d34  main -> main
To https://github.com/Kumazan/openclaw-backup.git
   4a785d34..d37b80ae  main -> main
To https://github.com/Kumazan/openclaw-backup.git
   d37b80ae..723fc671  main -> main
To https://github.com/Kumazan/openclaw-backup.git
   723fc671..f25ffa1a  main -> main
To https://github.com/Kumazan/openclaw-backup.git
   f25ffa1a..5241fc15  main -> main
To https://github.com/Kumazan/openclaw-backup.git
   5241fc15..a3c46250  main -> main
warning: exhaustive rename detection was skipped due to too many files.
warning: you may want to set your diff.renameLimit variable to at least 2976 and retry the command.
To https://github.com/Kumazan/openclaw-backup.git
   a3c46250..7d488feb  main -> main
To https://github.com/Kumazan/openclaw-backup.git
   7d488feb..72ccabcb  main -> main
To https://github.com/Kumazan/openclaw-backup.git
   72ccabcb..9abf12b9  main -> main
To https://github.com/Kumazan/openclaw-backup.git
   9abf12b9..3cdfe0df  main -> main
To https://github.com/Kumazan/openclaw-backup.git
   3cdfe0df..8f3737b5  main -> main
